<?xml version="1.0" encoding="UTF-8"?>
<testsuite xmlns:xsi="http://www.w3.org/2001/XMLSchema-instance" xsi:noNamespaceSchemaLocation="https://maven.apache.org/surefire/maven-surefire-plugin/xsd/surefire-test-report.xsd" version="3.0.2" name="tuckersoft.autotests.Checkpoint3Partidas" time="0.747" tests="9" errors="0" skipped="0" failures="0">
  <properties>
[...]
</properties>
  <testcase name="abrir_una_partida_usa_los_valores_iniciales_y_el_dueno_del_token" classname="tuckersoft.autotests.Checkpoint3Partidas" time="0.065"/>
  <testcase name="abrir_una_partida_ocupa_una_rama_del_nodo" classname="tuckersoft.autotests.Checkpoint3Partidas" time="0.018"/>
  <testcase name="un_nodo_lleno_rechaza_la_partida" classname="tuckersoft.autotests.Checkpoint3Partidas" time="0.031"/>
  <testcase name="etiqueta_repetida_y_nodo_inexistente" classname="tuckersoft.autotests.Checkpoint3Partidas" time="0.06"/>
  <testcase name="cada_usuario_solo_ve_sus_partidas" classname="tuckersoft.autotests.Checkpoint3Partidas" time="0.111"/>
  <testcase name="una_partida_ajena_responde_403_a_un_usuario_normal" classname="tuckersoft.autotests.Checkpoint3Partidas" time="0.063"/>
  <testcase name="el_administrador_supervisa_pero_no_juega" classname="tuckersoft.autotests.Checkpoint3Partidas" time="0.341"/>
  <testcase name="el_recorrido_de_una_partida_nueva_esta_vacio" classname="tuckersoft.autotests.Checkpoint3Partidas" time="0.031"/>
  <testcase name="una_partida_inexistente_responde_404" classname="tuckersoft.autotests.Checkpoint3Partidas" time="0.021"/>
</testsuite>